<?xml version="1.0" encoding="UTF-8"?>
<!-- Generated by org.testng.reporters.JUnitReportReporter -->
<testsuite hostname="fedora" failures="0" tests="6" name="login.RegistrationTest" time="11.980" errors="0" timestamp="2022-08-13T01:46:05 EDT" skipped="0">
  <testcase classname="login.RegistrationTest" name="ValidRegistrationTest" time="5.848"/>
  <system-out/>
  <testcase classname="login.RegistrationTest" name="validatePageTitleTest" time="0.213"/>
  <system-out/>
  <testcase classname="login.RegistrationTest" name="disableBtnTest" time="0.563"/>
  <system-out/>
  <testcase classname="login.RegistrationTest" name="invalidEmailTest" time="0.680"/>
  <system-out/>
  <testcase classname="login.RegistrationTest" name="InvalidPasswodTest" time="0.758"/>
  <system-out/>
  <testcase classname="login.RegistrationTest" name="ExistingUserTest" time="3.918"/>
  <system-out/>
</testsuite> <!-- login.RegistrationTest -->
