<?xml version="1.0" encoding="UTF-8"?>
<!-- Generated by org.testng.reporters.JUnitReportReporter -->
<testsuite hostname="fedora" failures="0" tests="6" name="login.RegistrationTest" time="10.161" errors="0" timestamp="2022-08-13T04:19:31 EDT" skipped="0">
  <testcase classname="login.RegistrationTest" name="ValidRegistrationTest" time="5.954"/>
  <system-out/>
  <testcase classname="login.RegistrationTest" name="validatePageTitleTest" time="0.213"/>
  <system-out/>
  <testcase classname="login.RegistrationTest" name="disableBtnTest" time="0.667"/>
  <system-out/>
  <testcase classname="login.RegistrationTest" name="InvalidPasswodTest" time="0.895"/>
  <system-out/>
  <testcase classname="login.RegistrationTest" name="ExistingUserTest" time="1.661"/>
  <system-out/>
  <testcase classname="login.RegistrationTest" name="invalidEmailTest" time="0.771"/>
  <system-out/>
</testsuite> <!-- login.RegistrationTest -->
