<?xml version="1.0" encoding="UTF-8"?>
<!-- Generated by org.testng.reporters.JUnitReportReporter -->
<testsuite hostname="fedora" failures="0" tests="6" name="login.RegistrationTest" time="13.241" errors="0" timestamp="2022-08-12T20:46:08 EDT" skipped="0">
  <testcase classname="login.RegistrationTest" name="ValidRegistrationTest" time="5.926"/>
  <system-out/>
  <testcase classname="login.RegistrationTest" name="InvalidPasswodTest" time="0.815"/>
  <system-out/>
  <testcase classname="login.RegistrationTest" name="ExistingUserTest" time="1.205"/>
  <system-out/>
  <testcase classname="login.RegistrationTest" name="invalidEmailTest" time="0.645"/>
  <system-out/>
  <testcase classname="login.RegistrationTest" name="disableBtnTest" time="4.484"/>
  <system-out/>
  <testcase classname="login.RegistrationTest" name="validatePageTitleTest" time="0.166"/>
  <system-out/>
</testsuite> <!-- login.RegistrationTest -->
