<?xml version="1.0" encoding="UTF-8"?>
<!-- Generated by org.testng.reporters.JUnitReportReporter -->
<testsuite hostname="fedora" failures="0" tests="4" name="admin.AdminEditProductTest" time="2.316" errors="0" timestamp="2022-08-13T04:19:31 EDT" skipped="0">
  <testcase classname="admin.AdminEditProductTest" name="validateSuccessMessageTest" time="0.515"/>
  <system-out/>
  <testcase classname="admin.AdminEditProductTest" name="testProductId" time="1.091"/>
  <system-out/>
  <testcase classname="admin.AdminEditProductTest" name="validateFormTest" time="0.508"/>
  <system-out/>
  <testcase classname="admin.AdminEditProductTest" name="validatePageTitleTest" time="0.202"/>
  <system-out/>
</testsuite> <!-- admin.AdminEditProductTest -->
