<?xml version="1.0" encoding="UTF-8"?>
<!-- Generated by org.testng.reporters.JUnitReportReporter -->
<testsuite hostname="fedora" failures="0" tests="4" name="login.LoginTest" time="1.757" errors="0" timestamp="2022-08-13T04:19:31 EDT" skipped="0">
  <testcase classname="login.LoginTest" name="validatePageTitleTest" time="0.262"/>
  <system-out/>
  <testcase classname="login.LoginTest" name="testEmptyPassword" time="0.317"/>
  <system-out/>
  <testcase classname="login.LoginTest" name="badLoginTest" time="0.833"/>
  <system-out/>
  <testcase classname="login.LoginTest" name="testEmptyUsername" time="0.345"/>
  <system-out/>
</testsuite> <!-- login.LoginTest -->
