<?xml version="1.0" encoding="UTF-8"?>
<!-- Generated by org.testng.reporters.JUnitReportReporter -->
<testsuite hostname="fedora" failures="0" tests="7" name="shop.ShopTest" time="13.075" errors="0" timestamp="2022-08-11T22:41:46 EDT" skipped="0">
  <testcase classname="shop.ShopTest" name="searchTest" time="0.363"/>
  <system-out/>
  <testcase classname="shop.ShopTest" name="prodBuyBtnNotLoginTest" time="0.324"/>
  <system-out/>
  <testcase classname="shop.ShopTest" name="buttonNotLoginTest" time="0.651"/>
  <system-out/>
  <testcase classname="shop.ShopTest" name="buttonTest" time="0.540"/>
  <system-out/>
  <testcase classname="shop.ShopTest" name="validatePageTitleTest" time="0.212"/>
  <system-out/>
  <testcase classname="shop.ShopTest" name="categoryTest" time="10.731"/>
  <system-out/>
  <testcase classname="shop.ShopTest" name="productListTest" time="0.254"/>
  <system-out/>
</testsuite> <!-- shop.ShopTest -->
