<?xml version="1.0" encoding="UTF-8"?>
<!-- Generated by org.testng.reporters.JUnitReportReporter -->
<testsuite hostname="fedora" failures="0" tests="4" name="admin.AdminEditProductTest" time="1.658" errors="0" timestamp="2022-08-11T00:40:58 EDT" skipped="0">
  <testcase classname="admin.AdminEditProductTest" name="validateSuccessMessageTest" time="0.324"/>
  <system-out/>
  <testcase classname="admin.AdminEditProductTest" name="testProductId" time="0.525"/>
  <system-out/>
  <testcase classname="admin.AdminEditProductTest" name="validatePageTitleTest" time="0.162"/>
  <system-out/>
  <testcase classname="admin.AdminEditProductTest" name="validateFormTest" time="0.647"/>
  <system-out/>
</testsuite> <!-- admin.AdminEditProductTest -->
