<?xml version="1.0" encoding="UTF-8"?>
<!-- Generated by org.testng.reporters.JUnitReportReporter -->
<testsuite hostname="fedora" failures="0" tests="4" name="admin.AdminTest" time="1.132" errors="0" timestamp="2022-08-12T20:46:08 EDT" skipped="0">
  <testcase classname="admin.AdminTest" name="EditBtnTest" time="0.534"/>
  <system-out/>
  <testcase classname="admin.AdminTest" name="validatePageTitleTest" time="0.170"/>
  <system-out/>
  <testcase classname="admin.AdminTest" name="validatePriceTest" time="0.218"/>
  <system-out/>
  <testcase classname="admin.AdminTest" name="validateHeadersTest" time="0.210"/>
  <system-out/>
</testsuite> <!-- admin.AdminTest -->
