<?xml version="1.0" encoding="UTF-8"?>
<!-- Generated by org.testng.reporters.JUnitReportReporter -->
<testsuite hostname="fedora" failures="0" tests="7" name="shop.ShopTest" time="4.515" errors="0" timestamp="2022-08-13T07:21:37 EDT" skipped="0">
  <testcase classname="shop.ShopTest" name="validatePageTitleTest" time="0.170"/>
  <system-out/>
  <testcase classname="shop.ShopTest" name="searchTest" time="0.600"/>
  <system-out/>
  <testcase classname="shop.ShopTest" name="categoryTest" time="1.620"/>
  <system-out/>
  <testcase classname="shop.ShopTest" name="productListTest" time="0.149"/>
  <system-out/>
  <testcase classname="shop.ShopTest" name="prodBuyBtnNotLoginTest" time="0.374"/>
  <system-out/>
  <testcase classname="shop.ShopTest" name="buttonNotLoginTest" time="0.874"/>
  <system-out/>
  <testcase classname="shop.ShopTest" name="buttonTest" time="0.728"/>
  <system-out/>
</testsuite> <!-- shop.ShopTest -->
