<?xml version="1.0" encoding="UTF-8"?>
<!-- Generated by org.testng.reporters.JUnitReportReporter -->
<testsuite hostname="fedora" failures="0" tests="4" name="login.LoginTest" time="2.055" errors="0" timestamp="2022-08-09T21:04:16 EDT" skipped="0">
  <testcase classname="login.LoginTest" name="validatePageTitleTest" time="0.276"/>
  <system-out/>
  <testcase classname="login.LoginTest" name="testEmptyPassword" time="0.421"/>
  <system-out/>
  <testcase classname="login.LoginTest" name="testEmptyUsername" time="0.409"/>
  <system-out/>
  <testcase classname="login.LoginTest" name="badLoginTest" time="0.949"/>
  <system-out/>
</testsuite> <!-- login.LoginTest -->
