<?xml version="1.0" encoding="UTF-8"?>
<!-- Generated by org.testng.reporters.JUnitReportReporter -->
<testsuite hostname="fedora" failures="0" tests="4" name="admin.AdminTest" time="1.483" errors="0" timestamp="2022-08-11T00:12:05 EDT" skipped="0">
  <testcase classname="admin.AdminTest" name="EditBtnTest" time="0.722"/>
  <system-out/>
  <testcase classname="admin.AdminTest" name="validatePriceTest" time="0.286"/>
  <system-out/>
  <testcase classname="admin.AdminTest" name="validatePageTitleTest" time="0.214"/>
  <system-out/>
  <testcase classname="admin.AdminTest" name="validateHeadersTest" time="0.261"/>
  <system-out/>
</testsuite> <!-- admin.AdminTest -->
