<?xml version="1.0" encoding="UTF-8"?>
<!-- Generated by org.testng.reporters.JUnitReportReporter -->
<testsuite hostname="fedora" failures="0" tests="7" name="shop.ShopTest" time="6.886" errors="0" timestamp="2022-08-13T01:46:05 EDT" skipped="0">
  <testcase classname="shop.ShopTest" name="searchTest" time="0.363"/>
  <system-out/>
  <testcase classname="shop.ShopTest" name="buttonNotLoginTest" time="0.826"/>
  <system-out/>
  <testcase classname="shop.ShopTest" name="buttonTest" time="0.446"/>
  <system-out/>
  <testcase classname="shop.ShopTest" name="productListTest" time="3.664"/>
  <system-out/>
  <testcase classname="shop.ShopTest" name="prodBuyBtnNotLoginTest" time="0.444"/>
  <system-out/>
  <testcase classname="shop.ShopTest" name="categoryTest" time="0.974"/>
  <system-out/>
  <testcase classname="shop.ShopTest" name="validatePageTitleTest" time="0.169"/>
  <system-out/>
</testsuite> <!-- shop.ShopTest -->
