<?xml version="1.0" encoding="UTF-8"?>
<!-- Generated by org.testng.reporters.JUnitReportReporter -->
<testsuite hostname="fedora" failures="0" tests="1" name="login.LoginTest" time="1.521" errors="0" timestamp="2022-08-09T00:43:43 EDT" skipped="0">
  <testcase classname="login.LoginTest" name="getLogin" time="1.521"/>
  <system-out/>
</testsuite> <!-- login.LoginTest -->
