<?xml version="1.0" encoding="UTF-8"?>
<!-- Generated by org.testng.reporters.JUnitReportReporter -->
<testsuite hostname="fedora" failures="0" tests="4" name="admin.AdminTest" time="1.684" errors="0" timestamp="2022-08-13T07:21:37 EDT" skipped="0">
  <testcase classname="admin.AdminTest" name="validatePriceTest" time="0.566"/>
  <system-out/>
  <testcase classname="admin.AdminTest" name="EditBtnTest" time="0.779"/>
  <system-out/>
  <testcase classname="admin.AdminTest" name="validatePageTitleTest" time="0.174"/>
  <system-out/>
  <testcase classname="admin.AdminTest" name="validateHeadersTest" time="0.165"/>
  <system-out/>
</testsuite> <!-- admin.AdminTest -->
