<?xml version="1.0" encoding="UTF-8"?>
<!-- Generated by org.testng.reporters.JUnitReportReporter -->
<testsuite hostname="fedora" failures="0" tests="4" name="admin.AdminEditProductTest" time="1.206" errors="0" timestamp="2022-08-12T20:46:08 EDT" skipped="0">
  <testcase classname="admin.AdminEditProductTest" name="validateFormTest" time="0.384"/>
  <system-out/>
  <testcase classname="admin.AdminEditProductTest" name="validateSuccessMessageTest" time="0.195"/>
  <system-out/>
  <testcase classname="admin.AdminEditProductTest" name="testProductId" time="0.461"/>
  <system-out/>
  <testcase classname="admin.AdminEditProductTest" name="validatePageTitleTest" time="0.166"/>
  <system-out/>
</testsuite> <!-- admin.AdminEditProductTest -->
