<?xml version="1.0" encoding="UTF-8"?>
<!-- Generated by org.testng.reporters.JUnitReportReporter -->
<testsuite hostname="fedora" failures="0" tests="6" name="login.RegistrationTest" time="10.562" errors="0" timestamp="2022-08-13T07:21:37 EDT" skipped="0">
  <testcase classname="login.RegistrationTest" name="validatePageTitleTest" time="0.175"/>
  <system-out/>
  <testcase classname="login.RegistrationTest" name="InvalidPasswodTest" time="0.961"/>
  <system-out/>
  <testcase classname="login.RegistrationTest" name="disableBtnTest" time="0.963"/>
  <system-out/>
  <testcase classname="login.RegistrationTest" name="invalidEmailTest" time="0.936"/>
  <system-out/>
  <testcase classname="login.RegistrationTest" name="ValidRegistrationTest" time="5.918"/>
  <system-out/>
  <testcase classname="login.RegistrationTest" name="ExistingUserTest" time="1.609"/>
  <system-out/>
</testsuite> <!-- login.RegistrationTest -->
