<?xml version="1.0" encoding="UTF-8"?>
<!-- Generated by org.testng.reporters.JUnitReportReporter -->
<testsuite hostname="fedora" failures="0" tests="7" name="shop.ShopTest" time="12.599" errors="0" timestamp="2022-08-12T20:46:08 EDT" skipped="0">
  <testcase classname="shop.ShopTest" name="validatePageTitleTest" time="0.218"/>
  <system-out/>
  <testcase classname="shop.ShopTest" name="prodBuyBtnNotLoginTest" time="0.309"/>
  <system-out/>
  <testcase classname="shop.ShopTest" name="searchTest" time="0.326"/>
  <system-out/>
  <testcase classname="shop.ShopTest" name="buttonTest" time="0.478"/>
  <system-out/>
  <testcase classname="shop.ShopTest" name="categoryTest" time="10.581"/>
  <system-out/>
  <testcase classname="shop.ShopTest" name="buttonNotLoginTest" time="0.509"/>
  <system-out/>
  <testcase classname="shop.ShopTest" name="productListTest" time="0.178"/>
  <system-out/>
</testsuite> <!-- shop.ShopTest -->
