<?xml version="1.0" encoding="UTF-8"?>
<!-- Generated by org.testng.reporters.JUnitReportReporter -->
<testsuite hostname="fedora" failures="0" tests="7" name="shop.ShopTest" time="5.104" errors="0" timestamp="2022-08-13T04:19:31 EDT" skipped="0">
  <testcase classname="shop.ShopTest" name="buttonTest" time="0.803"/>
  <system-out/>
  <testcase classname="shop.ShopTest" name="buttonNotLoginTest" time="0.619"/>
  <system-out/>
  <testcase classname="shop.ShopTest" name="prodBuyBtnNotLoginTest" time="0.478"/>
  <system-out/>
  <testcase classname="shop.ShopTest" name="categoryTest" time="1.888"/>
  <system-out/>
  <testcase classname="shop.ShopTest" name="validatePageTitleTest" time="0.186"/>
  <system-out/>
  <testcase classname="shop.ShopTest" name="productListTest" time="0.213"/>
  <system-out/>
  <testcase classname="shop.ShopTest" name="searchTest" time="0.917"/>
  <system-out/>
</testsuite> <!-- shop.ShopTest -->
