<?xml version="1.0" encoding="UTF-8"?>
<!-- Generated by org.testng.reporters.JUnitReportReporter -->
<testsuite hostname="fedora" failures="0" tests="4" name="login.LoginTest" time="2.501" errors="0" timestamp="2022-08-13T01:46:05 EDT" skipped="0">
  <testcase classname="login.LoginTest" name="testEmptyPassword" time="0.319"/>
  <system-out/>
  <testcase classname="login.LoginTest" name="validatePageTitleTest" time="0.423"/>
  <system-out/>
  <testcase classname="login.LoginTest" name="testEmptyUsername" time="0.246"/>
  <system-out/>
  <testcase classname="login.LoginTest" name="badLoginTest" time="1.513"/>
  <system-out/>
</testsuite> <!-- login.LoginTest -->
