<?xml version="1.0" encoding="UTF-8"?>
<!-- Generated by org.testng.reporters.JUnitReportReporter -->
<testsuite hostname="fedora" failures="0" tests="6" name="login.RegistrationTest" time="10.884" errors="0" timestamp="2022-08-09T23:45:51 EDT" skipped="0">
  <testcase classname="login.RegistrationTest" name="ExistingUserTest" time="1.219"/>
  <system-out/>
  <testcase classname="login.RegistrationTest" name="ValidRegistrationTest" time="6.229"/>
  <system-out/>
  <testcase classname="login.RegistrationTest" name="InvalidPasswodTest" time="1.064"/>
  <system-out/>
  <testcase classname="login.RegistrationTest" name="disableBtnTest" time="1.048"/>
  <system-out/>
  <testcase classname="login.RegistrationTest" name="invalidEmailTest" time="1.143"/>
  <system-out/>
  <testcase classname="login.RegistrationTest" name="validatePageTitleTest" time="0.181"/>
  <system-out/>
</testsuite> <!-- login.RegistrationTest -->
