<?xml version="1.0" encoding="UTF-8"?>
<!-- Generated by org.testng.reporters.JUnitReportReporter -->
<testsuite hostname="fedora" failures="0" tests="4" name="admin.AdminTest" time="1.641" errors="0" timestamp="2022-08-13T04:19:31 EDT" skipped="0">
  <testcase classname="admin.AdminTest" name="validatePageTitleTest" time="0.273"/>
  <system-out/>
  <testcase classname="admin.AdminTest" name="validateHeadersTest" time="0.166"/>
  <system-out/>
  <testcase classname="admin.AdminTest" name="validatePriceTest" time="0.356"/>
  <system-out/>
  <testcase classname="admin.AdminTest" name="EditBtnTest" time="0.846"/>
  <system-out/>
</testsuite> <!-- admin.AdminTest -->
