<?xml version="1.0" encoding="UTF-8"?>
<!-- Generated by org.testng.reporters.JUnitReportReporter -->
<testsuite hostname="fedora" failures="0" tests="4" name="admin.AdminTest" time="2.176" errors="0" timestamp="2022-08-13T01:46:05 EDT" skipped="0">
  <testcase classname="admin.AdminTest" name="validatePriceTest" time="0.334"/>
  <system-out/>
  <testcase classname="admin.AdminTest" name="validateHeadersTest" time="0.148"/>
  <system-out/>
  <testcase classname="admin.AdminTest" name="EditBtnTest" time="1.398"/>
  <system-out/>
  <testcase classname="admin.AdminTest" name="validatePageTitleTest" time="0.296"/>
  <system-out/>
</testsuite> <!-- admin.AdminTest -->
