<?xml version="1.0" encoding="UTF-8"?>
<!-- Generated by org.testng.reporters.JUnitReportReporter -->
<testsuite hostname="fedora" failures="0" tests="4" name="admin.AdminEditProductTest" time="1.701" errors="0" timestamp="2022-08-13T05:06:20 EDT" skipped="0">
  <testcase classname="admin.AdminEditProductTest" name="testProductId" time="0.525"/>
  <system-out/>
  <testcase classname="admin.AdminEditProductTest" name="validatePageTitleTest" time="0.198"/>
  <system-out/>
  <testcase classname="admin.AdminEditProductTest" name="validateSuccessMessageTest" time="0.352"/>
  <system-out/>
  <testcase classname="admin.AdminEditProductTest" name="validateFormTest" time="0.626"/>
  <system-out/>
</testsuite> <!-- admin.AdminEditProductTest -->
