<?xml version="1.0" encoding="UTF-8"?>
<!-- Generated by org.testng.reporters.JUnitReportReporter -->
<testsuite hostname="fedora" failures="0" tests="4" name="login.LoginTest" time="2.233" errors="0" timestamp="2022-08-12T20:46:08 EDT" skipped="0">
  <testcase classname="login.LoginTest" name="validatePageTitleTest" time="0.236"/>
  <system-out/>
  <testcase classname="login.LoginTest" name="testEmptyPassword" time="0.341"/>
  <system-out/>
  <testcase classname="login.LoginTest" name="badLoginTest" time="1.370"/>
  <system-out/>
  <testcase classname="login.LoginTest" name="testEmptyUsername" time="0.286"/>
  <system-out/>
</testsuite> <!-- login.LoginTest -->
