<?xml version="1.0" encoding="UTF-8"?>
<!-- Generated by org.testng.reporters.JUnitReportReporter -->
<testsuite hostname="fedora" failures="0" tests="6" name="login.RegistrationTest" time="10.884" errors="0" timestamp="2022-08-13T07:24:34 EDT" skipped="0">
  <testcase classname="login.RegistrationTest" name="disableBtnTest" time="0.959"/>
  <system-out/>
  <testcase classname="login.RegistrationTest" name="ExistingUserTest" time="1.683"/>
  <system-out/>
  <testcase classname="login.RegistrationTest" name="InvalidPasswodTest" time="0.952"/>
  <system-out/>
  <testcase classname="login.RegistrationTest" name="validatePageTitleTest" time="0.148"/>
  <system-out/>
  <testcase classname="login.RegistrationTest" name="invalidEmailTest" time="1.065"/>
  <system-out/>
  <testcase classname="login.RegistrationTest" name="ValidRegistrationTest" time="6.077"/>
  <system-out/>
</testsuite> <!-- login.RegistrationTest -->
