<?xml version="1.0" encoding="UTF-8"?>
<!-- Generated by org.testng.reporters.JUnitReportReporter -->
<testsuite hostname="fedora" failures="0" tests="4" name="admin.AdminTest" time="1.590" errors="0" timestamp="2022-08-13T07:24:34 EDT" skipped="0">
  <testcase classname="admin.AdminTest" name="validateHeadersTest" time="0.164"/>
  <system-out/>
  <testcase classname="admin.AdminTest" name="EditBtnTest" time="0.881"/>
  <system-out/>
  <testcase classname="admin.AdminTest" name="validatePriceTest" time="0.399"/>
  <system-out/>
  <testcase classname="admin.AdminTest" name="validatePageTitleTest" time="0.146"/>
  <system-out/>
</testsuite> <!-- admin.AdminTest -->
