<?xml version="1.0" encoding="UTF-8"?>
<!-- Generated by org.testng.reporters.JUnitReportReporter -->
<testsuite hostname="fedora" failures="0" tests="7" name="shop.ShopTest" time="4.724" errors="0" timestamp="2022-08-13T07:24:34 EDT" skipped="0">
  <testcase classname="shop.ShopTest" name="productListTest" time="0.180"/>
  <system-out/>
  <testcase classname="shop.ShopTest" name="categoryTest" time="1.568"/>
  <system-out/>
  <testcase classname="shop.ShopTest" name="searchTest" time="0.744"/>
  <system-out/>
  <testcase classname="shop.ShopTest" name="prodBuyBtnNotLoginTest" time="0.449"/>
  <system-out/>
  <testcase classname="shop.ShopTest" name="buttonNotLoginTest" time="0.943"/>
  <system-out/>
  <testcase classname="shop.ShopTest" name="validatePageTitleTest" time="0.190"/>
  <system-out/>
  <testcase classname="shop.ShopTest" name="buttonTest" time="0.650"/>
  <system-out/>
</testsuite> <!-- shop.ShopTest -->
