<?xml version="1.0" encoding="UTF-8"?>
<!-- Generated by org.testng.reporters.JUnitReportReporter -->
<testsuite hostname="fedora" failures="0" tests="4" name="login.LoginTest" time="2.552" errors="0" timestamp="2022-08-13T07:24:34 EDT" skipped="0">
  <testcase classname="login.LoginTest" name="testEmptyPassword" time="0.466"/>
  <system-out/>
  <testcase classname="login.LoginTest" name="testEmptyUsername" time="0.454"/>
  <system-out/>
  <testcase classname="login.LoginTest" name="validatePageTitleTest" time="0.290"/>
  <system-out/>
  <testcase classname="login.LoginTest" name="badLoginTest" time="1.342"/>
  <system-out/>
</testsuite> <!-- login.LoginTest -->
